Determining if the function ceil exists failed with the following output:
Change Dir: /home/radon/Uni/mir/final/wip/lexbor/CMakeFiles/CMakeTmp

Run Build Command:"/usr/bin/make" "cmTC_944f3/fast"
/usr/bin/make -f CMakeFiles/cmTC_944f3.dir/build.make CMakeFiles/cmTC_944f3.dir/build
make[1]: Entering directory '/home/radon/Uni/mir/final/wip/lexbor/CMakeFiles/CMakeTmp'
Building C object CMakeFiles/cmTC_944f3.dir/CheckFunctionExists.c.o
/usr/bin/cc   -DCHECK_FUNCTION_EXISTS=ceil   -o CMakeFiles/cmTC_944f3.dir/CheckFunctionExists.c.o   -c /usr/share/cmake-3.10/Modules/CheckFunctionExists.c
<command-line>:0:23: warning: conflicting types for built-in function ‘ceil’ [-Wbuiltin-declaration-mismatch]
/usr/share/cmake-3.10/Modules/CheckFunctionExists.c:7:3: note: in expansion of macro ‘CHECK_FUNCTION_EXISTS’
   CHECK_FUNCTION_EXISTS(void);
   ^~~~~~~~~~~~~~~~~~~~~
Linking C executable cmTC_944f3
/usr/bin/cmake -E cmake_link_script CMakeFiles/cmTC_944f3.dir/link.txt --verbose=1
/usr/bin/cc  -DCHECK_FUNCTION_EXISTS=ceil    -rdynamic CMakeFiles/cmTC_944f3.dir/CheckFunctionExists.c.o  -o cmTC_944f3 
CMakeFiles/cmTC_944f3.dir/CheckFunctionExists.c.o: In function `main':
CheckFunctionExists.c:(.text+0x10): undefined reference to `ceil'
collect2: error: ld returned 1 exit status
CMakeFiles/cmTC_944f3.dir/build.make:97: recipe for target 'cmTC_944f3' failed
make[1]: *** [cmTC_944f3] Error 1
make[1]: Leaving directory '/home/radon/Uni/mir/final/wip/lexbor/CMakeFiles/CMakeTmp'
Makefile:126: recipe for target 'cmTC_944f3/fast' failed
make: *** [cmTC_944f3/fast] Error 2


Determining if the function ceil exists failed with the following output:
Change Dir: /home/radon/Uni/mir/final/wip/lexbor/CMakeFiles/CMakeTmp

Run Build Command:"/usr/bin/make" "cmTC_879ce/fast"
/usr/bin/make -f CMakeFiles/cmTC_879ce.dir/build.make CMakeFiles/cmTC_879ce.dir/build
make[1]: Entering directory '/home/radon/Uni/mir/final/wip/lexbor/CMakeFiles/CMakeTmp'
Building C object CMakeFiles/cmTC_879ce.dir/CheckFunctionExists.c.o
/usr/bin/cc   -DCHECK_FUNCTION_EXISTS=ceil   -o CMakeFiles/cmTC_879ce.dir/CheckFunctionExists.c.o   -c /usr/share/cmake-3.10/Modules/CheckFunctionExists.c
<command-line>:0:23: warning: conflicting types for built-in function ‘ceil’ [-Wbuiltin-declaration-mismatch]
/usr/share/cmake-3.10/Modules/CheckFunctionExists.c:7:3: note: in expansion of macro ‘CHECK_FUNCTION_EXISTS’
   CHECK_FUNCTION_EXISTS(void);
   ^~~~~~~~~~~~~~~~~~~~~
Linking C executable cmTC_879ce
/usr/bin/cmake -E cmake_link_script CMakeFiles/cmTC_879ce.dir/link.txt --verbose=1
/usr/bin/cc  -DCHECK_FUNCTION_EXISTS=ceil    -rdynamic CMakeFiles/cmTC_879ce.dir/CheckFunctionExists.c.o  -o cmTC_879ce 
CMakeFiles/cmTC_879ce.dir/CheckFunctionExists.c.o: In function `main':
CheckFunctionExists.c:(.text+0x10): undefined reference to `ceil'
collect2: error: ld returned 1 exit status
CMakeFiles/cmTC_879ce.dir/build.make:97: recipe for target 'cmTC_879ce' failed
make[1]: *** [cmTC_879ce] Error 1
make[1]: Leaving directory '/home/radon/Uni/mir/final/wip/lexbor/CMakeFiles/CMakeTmp'
Makefile:126: recipe for target 'cmTC_879ce/fast' failed
make: *** [cmTC_879ce/fast] Error 2


Determining if the function ceil exists failed with the following output:
Change Dir: /home/radon/Uni/mir/final/wip/lexbor/CMakeFiles/CMakeTmp

Run Build Command:"/usr/bin/make" "cmTC_ca8c3/fast"
make[1]: Entering directory '/home/radon/Uni/mir/final/wip/lexbor/CMakeFiles/CMakeTmp'
/usr/bin/make -f CMakeFiles/cmTC_ca8c3.dir/build.make CMakeFiles/cmTC_ca8c3.dir/build
make[2]: Entering directory '/home/radon/Uni/mir/final/wip/lexbor/CMakeFiles/CMakeTmp'
Building C object CMakeFiles/cmTC_ca8c3.dir/CheckFunctionExists.c.o
/usr/bin/cc   -DCHECK_FUNCTION_EXISTS=ceil   -o CMakeFiles/cmTC_ca8c3.dir/CheckFunctionExists.c.o   -c /usr/share/cmake-3.10/Modules/CheckFunctionExists.c
<command-line>:0:23: warning: conflicting types for built-in function ‘ceil’ [-Wbuiltin-declaration-mismatch]
/usr/share/cmake-3.10/Modules/CheckFunctionExists.c:7:3: note: in expansion of macro ‘CHECK_FUNCTION_EXISTS’
   CHECK_FUNCTION_EXISTS(void);
   ^~~~~~~~~~~~~~~~~~~~~
Linking C executable cmTC_ca8c3
/usr/bin/cmake -E cmake_link_script CMakeFiles/cmTC_ca8c3.dir/link.txt --verbose=1
/usr/bin/cc  -DCHECK_FUNCTION_EXISTS=ceil    -rdynamic CMakeFiles/cmTC_ca8c3.dir/CheckFunctionExists.c.o  -o cmTC_ca8c3 
CMakeFiles/cmTC_ca8c3.dir/CheckFunctionExists.c.o: In function `main':
CheckFunctionExists.c:(.text+0x10): undefined reference to `ceil'
collect2: error: ld returned 1 exit status
CMakeFiles/cmTC_ca8c3.dir/build.make:97: recipe for target 'cmTC_ca8c3' failed
make[2]: *** [cmTC_ca8c3] Error 1
make[2]: Leaving directory '/home/radon/Uni/mir/final/wip/lexbor/CMakeFiles/CMakeTmp'
Makefile:126: recipe for target 'cmTC_ca8c3/fast' failed
make[1]: *** [cmTC_ca8c3/fast] Error 2
make[1]: Leaving directory '/home/radon/Uni/mir/final/wip/lexbor/CMakeFiles/CMakeTmp'


Determining if the function ceil exists failed with the following output:
Change Dir: /home/radon/Uni/mir/final/wip/lexbor/CMakeFiles/CMakeTmp

Run Build Command:"/usr/bin/make" "cmTC_0a1f0/fast"
make[1]: Entering directory '/home/radon/Uni/mir/final/wip/lexbor/CMakeFiles/CMakeTmp'
/usr/bin/make -f CMakeFiles/cmTC_0a1f0.dir/build.make CMakeFiles/cmTC_0a1f0.dir/build
make[2]: Entering directory '/home/radon/Uni/mir/final/wip/lexbor/CMakeFiles/CMakeTmp'
Building C object CMakeFiles/cmTC_0a1f0.dir/CheckFunctionExists.c.o
/usr/bin/cc   -DCHECK_FUNCTION_EXISTS=ceil   -o CMakeFiles/cmTC_0a1f0.dir/CheckFunctionExists.c.o   -c /usr/share/cmake-3.10/Modules/CheckFunctionExists.c
<command-line>:0:23: warning: conflicting types for built-in function ‘ceil’ [-Wbuiltin-declaration-mismatch]
/usr/share/cmake-3.10/Modules/CheckFunctionExists.c:7:3: note: in expansion of macro ‘CHECK_FUNCTION_EXISTS’
   CHECK_FUNCTION_EXISTS(void);
   ^~~~~~~~~~~~~~~~~~~~~
Linking C executable cmTC_0a1f0
/usr/bin/cmake -E cmake_link_script CMakeFiles/cmTC_0a1f0.dir/link.txt --verbose=1
/usr/bin/cc  -DCHECK_FUNCTION_EXISTS=ceil    -rdynamic CMakeFiles/cmTC_0a1f0.dir/CheckFunctionExists.c.o  -o cmTC_0a1f0 
CMakeFiles/cmTC_0a1f0.dir/CheckFunctionExists.c.o: In function `main':
CheckFunctionExists.c:(.text+0x10): undefined reference to `ceil'
collect2: error: ld returned 1 exit status
CMakeFiles/cmTC_0a1f0.dir/build.make:97: recipe for target 'cmTC_0a1f0' failed
make[2]: *** [cmTC_0a1f0] Error 1
make[2]: Leaving directory '/home/radon/Uni/mir/final/wip/lexbor/CMakeFiles/CMakeTmp'
Makefile:126: recipe for target 'cmTC_0a1f0/fast' failed
make[1]: *** [cmTC_0a1f0/fast] Error 2
make[1]: Leaving directory '/home/radon/Uni/mir/final/wip/lexbor/CMakeFiles/CMakeTmp'


Determining if the function ceil exists failed with the following output:
Change Dir: /home/radon/Uni/mir/final/wip/lexbor/CMakeFiles/CMakeTmp

Run Build Command:"/usr/bin/make" "cmTC_ff10e/fast"
make[1]: Entering directory '/home/radon/Uni/mir/final/wip/lexbor/CMakeFiles/CMakeTmp'
/usr/bin/make -f CMakeFiles/cmTC_ff10e.dir/build.make CMakeFiles/cmTC_ff10e.dir/build
make[2]: Entering directory '/home/radon/Uni/mir/final/wip/lexbor/CMakeFiles/CMakeTmp'
Building C object CMakeFiles/cmTC_ff10e.dir/CheckFunctionExists.c.o
/usr/bin/cc   -DCHECK_FUNCTION_EXISTS=ceil   -o CMakeFiles/cmTC_ff10e.dir/CheckFunctionExists.c.o   -c /usr/share/cmake-3.10/Modules/CheckFunctionExists.c
<command-line>:0:23: warning: conflicting types for built-in function ‘ceil’ [-Wbuiltin-declaration-mismatch]
/usr/share/cmake-3.10/Modules/CheckFunctionExists.c:7:3: note: in expansion of macro ‘CHECK_FUNCTION_EXISTS’
   CHECK_FUNCTION_EXISTS(void);
   ^~~~~~~~~~~~~~~~~~~~~
Linking C executable cmTC_ff10e
/usr/bin/cmake -E cmake_link_script CMakeFiles/cmTC_ff10e.dir/link.txt --verbose=1
/usr/bin/cc  -DCHECK_FUNCTION_EXISTS=ceil    -rdynamic CMakeFiles/cmTC_ff10e.dir/CheckFunctionExists.c.o  -o cmTC_ff10e 
CMakeFiles/cmTC_ff10e.dir/CheckFunctionExists.c.o: In function `main':
CheckFunctionExists.c:(.text+0x10): undefined reference to `ceil'
collect2: error: ld returned 1 exit status
CMakeFiles/cmTC_ff10e.dir/build.make:97: recipe for target 'cmTC_ff10e' failed
make[2]: *** [cmTC_ff10e] Error 1
make[2]: Leaving directory '/home/radon/Uni/mir/final/wip/lexbor/CMakeFiles/CMakeTmp'
Makefile:126: recipe for target 'cmTC_ff10e/fast' failed
make[1]: *** [cmTC_ff10e/fast] Error 2
make[1]: Leaving directory '/home/radon/Uni/mir/final/wip/lexbor/CMakeFiles/CMakeTmp'


Determining if the function ceil exists failed with the following output:
Change Dir: /home/radon/Uni/mir/final/wip/lexbor/CMakeFiles/CMakeTmp

Run Build Command:"/usr/bin/make" "cmTC_bdf8f/fast"
make[1]: Entering directory '/home/radon/Uni/mir/final/wip/lexbor/CMakeFiles/CMakeTmp'
/usr/bin/make -f CMakeFiles/cmTC_bdf8f.dir/build.make CMakeFiles/cmTC_bdf8f.dir/build
make[2]: Entering directory '/home/radon/Uni/mir/final/wip/lexbor/CMakeFiles/CMakeTmp'
Building C object CMakeFiles/cmTC_bdf8f.dir/CheckFunctionExists.c.o
/usr/bin/cc   -DCHECK_FUNCTION_EXISTS=ceil   -o CMakeFiles/cmTC_bdf8f.dir/CheckFunctionExists.c.o   -c /usr/share/cmake-3.10/Modules/CheckFunctionExists.c
<command-line>:0:23: warning: conflicting types for built-in function ‘ceil’ [-Wbuiltin-declaration-mismatch]
/usr/share/cmake-3.10/Modules/CheckFunctionExists.c:7:3: note: in expansion of macro ‘CHECK_FUNCTION_EXISTS’
   CHECK_FUNCTION_EXISTS(void);
   ^~~~~~~~~~~~~~~~~~~~~
Linking C executable cmTC_bdf8f
/usr/bin/cmake -E cmake_link_script CMakeFiles/cmTC_bdf8f.dir/link.txt --verbose=1
/usr/bin/cc  -DCHECK_FUNCTION_EXISTS=ceil    -rdynamic CMakeFiles/cmTC_bdf8f.dir/CheckFunctionExists.c.o  -o cmTC_bdf8f 
CMakeFiles/cmTC_bdf8f.dir/CheckFunctionExists.c.o: In function `main':
CheckFunctionExists.c:(.text+0x10): undefined reference to `ceil'
collect2: error: ld returned 1 exit status
CMakeFiles/cmTC_bdf8f.dir/build.make:97: recipe for target 'cmTC_bdf8f' failed
make[2]: *** [cmTC_bdf8f] Error 1
make[2]: Leaving directory '/home/radon/Uni/mir/final/wip/lexbor/CMakeFiles/CMakeTmp'
Makefile:126: recipe for target 'cmTC_bdf8f/fast' failed
make[1]: *** [cmTC_bdf8f/fast] Error 2
make[1]: Leaving directory '/home/radon/Uni/mir/final/wip/lexbor/CMakeFiles/CMakeTmp'


